<?xml version="1.0" encoding="UTF-8"?>
<!-- Generated by org.testng.reporters.JUnitReportReporter -->
<testsuite hostname="DESKTOP-0OF1QAL" failures="0" tests="1" name="OHRM_testcases.adminloginWith_invaliddata" time="1.217" errors="0" timestamp="28 Feb 2024 07:33:48 GMT" skipped="0">
  <testcase classname="OHRM_testcases.adminloginWith_invaliddata" name="adminWithinvalidData" time="1.217"/>
</testsuite> <!-- OHRM_testcases.adminloginWith_invaliddata -->
